<?xml version="1.0" encoding="UTF-8"?>
<testsuite name="com.jojoldu.book.springboot.web.IndexControllerTest" tests="1" skipped="0" failures="0" errors="0" timestamp="2020-07-09T05:21:00" hostname="Hong-Daeki" time="0.236">
  <properties/>
  <testcase name="mainPage_loading" classname="com.jojoldu.book.springboot.web.IndexControllerTest" time="0.236"/>
  <system-out><![CDATA[2020-07-09 14:21:00.828  INFO 8836 --- [    Test worker] .b.t.c.SpringBootTestContextBootstrapper : Neither @ContextConfiguration nor @ContextHierarchy found for test class [com.jojoldu.book.springboot.web.IndexControllerTest], using SpringBootContextLoader
2020-07-09 14:21:00.829  INFO 8836 --- [    Test worker] o.s.t.c.support.AbstractContextLoader    : Could not detect default resource locations for test class [com.jojoldu.book.springboot.web.IndexControllerTest]: no resource found for suffixes {-context.xml, Context.groovy}.
2020-07-09 14:21:00.830  INFO 8836 --- [    Test worker] t.c.s.AnnotationConfigContextLoaderUtils : Could not detect default configuration classes for test class [com.jojoldu.book.springboot.web.IndexControllerTest]: IndexControllerTest does not declare any static, non-private, non-final, nested classes annotated with @Configuration.
2020-07-09 14:21:00.832  INFO 8836 --- [    Test worker] .b.t.c.SpringBootTestContextBootstrapper : Found @SpringBootConfiguration com.jojoldu.book.springboot.Application for test class com.jojoldu.book.springboot.web.IndexControllerTest
2020-07-09 14:21:00.856  INFO 8836 --- [    Test worker] .b.t.c.SpringBootTestContextBootstrapper : Loaded default TestExecutionListener class names from location [META-INF/spring.factories]: [org.springframework.security.test.context.support.WithSecurityContextTestExecutionListener, org.springframework.security.test.context.support.ReactorContextTestExecutionListener, org.springframework.boot.test.autoconfigure.restdocs.RestDocsTestExecutionListener, org.springframework.boot.test.autoconfigure.web.client.MockRestServiceServerResetTestExecutionListener, org.springframework.boot.test.autoconfigure.web.servlet.MockMvcPrintOnlyOnFailureTestExecutionListener, org.springframework.boot.test.autoconfigure.web.servlet.WebDriverTestExecutionListener, org.springframework.boot.test.mock.mockito.MockitoTestExecutionListener, org.springframework.boot.test.mock.mockito.ResetMocksTestExecutionListener, org.springframework.test.context.web.ServletTestExecutionListener, org.springframework.test.context.support.DirtiesContextBeforeModesTestExecutionListener, org.springframework.test.context.support.DependencyInjectionTestExecutionListener, org.springframework.test.context.support.DirtiesContextTestExecutionListener, org.springframework.test.context.transaction.TransactionalTestExecutionListener, org.springframework.test.context.jdbc.SqlScriptsTestExecutionListener]
2020-07-09 14:21:00.858  INFO 8836 --- [    Test worker] .b.t.c.SpringBootTestContextBootstrapper : Using TestExecutionListeners: [org.springframework.test.context.web.ServletTestExecutionListener@24e19be4, org.springframework.test.context.support.DirtiesContextBeforeModesTestExecutionListener@775887e4, org.springframework.boot.test.mock.mockito.MockitoTestExecutionListener@6d306979, org.springframework.boot.test.autoconfigure.SpringBootDependencyInjectionTestExecutionListener@fdb8552, org.springframework.test.context.support.DirtiesContextTestExecutionListener@274d11f6, org.springframework.test.context.transaction.TransactionalTestExecutionListener@1499d55c, org.springframework.test.context.jdbc.SqlScriptsTestExecutionListener@7a8c1d17, org.springframework.security.test.context.support.WithSecurityContextTestExecutionListener@292ee601, org.springframework.security.test.context.support.ReactorContextTestExecutionListener@66a39073, org.springframework.boot.test.autoconfigure.restdocs.RestDocsTestExecutionListener@3cca8ace, org.springframework.boot.test.autoconfigure.web.client.MockRestServiceServerResetTestExecutionListener@26345ce5, org.springframework.boot.test.autoconfigure.web.servlet.MockMvcPrintOnlyOnFailureTestExecutionListener@78f4a8cc, org.springframework.boot.test.autoconfigure.web.servlet.WebDriverTestExecutionListener@22e9fa9, org.springframework.boot.test.mock.mockito.ResetMocksTestExecutionListener@6a5af9d8]
2020-07-09 14:21:00.993  INFO 8836 --- [o-auto-1-exec-1] o.a.c.c.C.[Tomcat].[localhost].[/]       : Initializing Spring DispatcherServlet 'dispatcherServlet'
2020-07-09 14:21:00.993  INFO 8836 --- [o-auto-1-exec-1] o.s.web.servlet.DispatcherServlet        : Initializing Servlet 'dispatcherServlet'
2020-07-09 14:21:00.996  INFO 8836 --- [o-auto-1-exec-1] o.s.web.servlet.DispatcherServlet        : Completed initialization in 3 ms
Hibernate: select posts0_.id as id1_0_, posts0_.created_date as created_2_0_, posts0_.modified_date as modified3_0_, posts0_.author as author4_0_, posts0_.content as content5_0_, posts0_.title as title6_0_ from posts posts0_ order by posts0_.id DESC
]]></system-out>
  <system-err><![CDATA[]]></system-err>
</testsuite>
